Running Cantera Version: 2.5.1
CanteraWarning: NasaPoly2::validate: 
For species CH2OCH, discontinuity in cp/R detected at Tmid = 500.0
	Value computed using low-temperature polynomial:  8.393471510000001
	Value computed using high-temperature polynomial: 9.1801039121875

CanteraWarning: NasaPoly2::validate: 
For species CH2OCH, discontinuity in h/RT detected at Tmid = 500.0
	Value computed using low-temperature polynomial:  42.199147089791666
	Value computed using high-temperature polynomial: 41.961461604875005

CanteraWarning: NasaPoly2::validate: 
For species CH2OCH, discontinuity in s/R detected at Tmid = 500.0
	Value computed using low-temperature polynomial:  33.70692865946735
	Value computed using high-temperature polynomial: 33.51209988778391

CanteraWarning: NasaPoly2::validate: 
For species C4H5-2, discontinuity in h/RT detected at Tmid = 1000.0
	Value computed using low-temperature polynomial:  47.65235236593109
	Value computed using high-temperature polynomial: 48.43623165666667

CanteraWarning: NasaPoly2::validate: 
For species C4H5-2, discontinuity in s/R detected at Tmid = 1000.0
	Value computed using low-temperature polynomial:  52.42918829260522
	Value computed using high-temperature polynomial: 54.320817046995025

CanteraWarning: NasaPoly2::validate: 
For species C2H3CHOCH2, discontinuity in h/RT detected at Tmid = 1000.0
	Value computed using low-temperature polynomial:  13.197490232436893
	Value computed using high-temperature polynomial: 13.009458623333332

CanteraWarning: NasaPoly2::validate: 
For species C2H3CHOCH2, discontinuity in s/R detected at Tmid = 1000.0
	Value computed using low-temperature polynomial:  55.5754926344824
	Value computed using high-temperature polynomial: 53.05298769454252

CanteraWarning: NasaPoly2::validate: 
For species CH3CHCHCHO, discontinuity in h/RT detected at Tmid = 1000.0
	Value computed using low-temperature polynomial:  -0.87553076770625
	Value computed using high-temperature polynomial: -0.7952995433333321

CanteraWarning: NasaPoly2::validate: 
For species CH3CHCHCHO, discontinuity in s/R detected at Tmid = 1000.0
	Value computed using low-temperature polynomial:  59.194456477008444
	Value computed using high-temperature polynomial: 62.495269678449205

CanteraWarning: NasaPoly2::validate: 
For species C4H6-2, discontinuity in h/RT detected at Tmid = 1000.0
	Value computed using low-temperature polynomial:  28.072393266570767
	Value computed using high-temperature polynomial: 28.60292515

CanteraWarning: NasaPoly2::validate: 
For species C4H6-2, discontinuity in s/R detected at Tmid = 1000.0
	Value computed using low-temperature polynomial:  50.25139828976554
	Value computed using high-temperature polynomial: 51.51521152074738

CanteraWarning: Troe::init: Unexpected parameter value T2=0. Omitting exp(T2/T) term from falloff expression. To suppress this warning, remove value for T2 from the input file. In the unlikely case that the exp(T2/T) term should be included with T2 effectively equal to 0, set T2 to a sufficiently small value (i.e. T2 < 1e-16).

..............................................................................
Attempt Newton solution of steady-state problem...    failure. 
Take 10 timesteps     4.944e-08      8.314
Attempt Newton solution of steady-state problem...    failure. 
Take 10 timesteps      1.32e-08      8.346
Attempt Newton solution of steady-state problem...    failure. 
Take 10 timesteps     3.383e-07      7.865
Attempt Newton solution of steady-state problem...    failure. 
Take 10 timesteps     3.853e-06       6.76
Attempt Newton solution of steady-state problem...    failure. 
Take 10 timesteps     6.583e-05      5.463
Attempt Newton solution of steady-state problem...    failure. 
Take 10 timesteps     7.909e-05      4.818
Attempt Newton solution of steady-state problem...    failure. 
Take 10 timesteps      5.63e-05       5.85
Attempt Newton solution of steady-state problem...    failure. 
Take 10 timesteps     8.907e-06      6.046
Attempt Newton solution of steady-state problem...    failure. 
Take 10 timesteps     0.0001015      5.046
Attempt Newton solution of steady-state problem...    failure. 
Take 10 timesteps      0.001156      3.516
Attempt Newton solution of steady-state problem...    failure. 
Take 10 timesteps       0.01975      2.997
Attempt Newton solution of steady-state problem...    failure. 
Take 10 timesteps       0.07497       2.03
Attempt Newton solution of steady-state problem...    failure. 
Take 10 timesteps         1.281     0.9195
Attempt Newton solution of steady-state problem...    success.

Problem solved on [9] point grid(s).

..............................................................................
##############################################################################
Refining grid in flame.
    New points inserted after grid points 0 1 2 3 4 5 6 7 
    to resolve C2F2 C2H2 C2HF CF CF2 CF2:CF CF2:CF2 CF2:CH CF2:O CF2CO CF3 CF3-CF2 CF3-CF3 CF3CCH CF3CHO CF3COF CF3O CF4 CF:O CFCO CH2:CF2 CH2:CHF CH2CFCF3 CH2CHFCF3 CH2CO CH2COF CH2F CH2F-CH2F CH2F-CHF2 CH2F2 CH3-CF2 CH3-CF3 CH3CFCF3 CH3COF CH3F CHF CHF2 CHF2-CF3 CHF2-CH2 CHF2-CHF2 CHF3 CHF:CF2 CHF:CHF[Z] CHF:O CHFCO CHOCFCF3 CO CO2 E-CHCFCF3 F F2 H H2O HCCO HCCOH HF HO2 N2 O O2 OH T Z-CHCFCF3 velocity 
##############################################################################

..............................................................................
Attempt Newton solution of steady-state problem...    failure. 
Take 10 timesteps     1.068e-05      4.979
Attempt Newton solution of steady-state problem...    failure. 
Take 10 timesteps     0.0001825      4.133
Attempt Newton solution of steady-state problem...    failure. 
Take 10 timesteps     7.697e-05      4.351
Attempt Newton solution of steady-state problem...    failure. 
Take 10 timesteps      0.001315      3.951
Attempt Newton solution of steady-state problem...    failure. 
Take 10 timesteps      0.004439      3.242
Attempt Newton solution of steady-state problem...    failure. 
Take 10 timesteps       0.02247      2.175
Attempt Newton solution of steady-state problem...    success.

Problem solved on [17] point grid(s).

..............................................................................
##############################################################################
Refining grid in flame.
    New points inserted after grid points 3 4 5 6 7 8 9 10 12 13 14 15 
    to resolve C2F2 C2H C2H2 C2HF C4H2 CF CF2 CF2:CF CF2:CF2 CF2:CH CF2:O CF2CO CF3 CF3-CF2 CF3-CF3 CF3-CHF CF3CCH CF3CCH2 CF3CHO CF3COF CF3O CF4 CF:O CFCO CH2 CH2:CF2 CH2:CHF CH2CFCF3 CH2CHFCF3 CH2CO CH2COF CH2F CH2F-CH2F CH2F-CHF2 CH2F2 CH2O CH3 CH3-CF2 CH3-CF3 CH3CFCF3 CH3COF CH3F CHF CHF2 CHF2-CF3 CHF2-CH2 CHF2-CHF2 CHF3 CHF:CF2 CHF:CF[Z] CHF:CHF[Z] CHF:O CHFCO CHOCFCF3 CO CO2 E-CHCFCF3 F F2 H H2 H2O HCCO HCCOH HCO HF HO2 N2 O O2 OH T Z-CHCFCF3 velocity 
##############################################################################

..............................................................................
Attempt Newton solution of steady-state problem...    failure. 
Take 10 timesteps     4.271e-05      5.378
Attempt Newton solution of steady-state problem...    failure. 
Take 10 timesteps     0.0007298      4.054
Attempt Newton solution of steady-state problem...    failure. 
Take 10 timesteps      0.005542      3.993
Attempt Newton solution of steady-state problem...    failure. 
Take 10 timesteps       0.02104      1.826
Attempt Newton solution of steady-state problem...    success.

Problem solved on [29] point grid(s).

..............................................................................
##############################################################################
Refining grid in flame.
    New points inserted after grid points 5 6 7 8 9 10 11 12 13 14 26 27 
    to resolve C2F2 C2H C2H2 C2H4 C2H6 C2HF C3H3 C4H2 C4H4 C5H4O CF CF2 CF2:CF CF2:CF2 CF2:CH CF2:O CF2CO CF3 CF3-CF2 CF3-CF3 CF3-CH2 CF3-CHF CF3CCH CF3CCH2 CF3CF CF3CHCH2 CF3CHO CF3COCH3 CF3COF CF3O CF4 CF:O CFCO CH2 CH2:CF CH2:CF2 CH2:CHF CH2CFCF3 CH2CHFCF3 CH2CO CH2COF CH2F CH2F-CF3 CH2F-CH2F CH2F-CHF2 CH2F2 CH2O CH3 CH3-CF2 CH3-CF3 CH3-CHF2 CH3CFCF3 CH3CHO CH3COF CH3F CH3OH CH4 CHF CHF2 CHF2-CF2 CHF2-CF3 CHF2-CH2 CHF2-CHF2 CHF3 CHF:CF2 CHF:CF[Z] CHF:CHF[Z] CHF:CH[Z] CHF:O CHFCHOH CHFCO CHOCFCF3 CO CO2 E-CHCFCF3 F F2 H H2 H2C4O H2O H2O2 HCCO HCCOH HCO HF HO2 N2 O O2 OH T Z-CHCFCF3 aC3H4 pC3H4 velocity 
##############################################################################

..............................................................................
Attempt Newton solution of steady-state problem...    failure. 
Take 10 timesteps     2.848e-05       6.65
Attempt Newton solution of steady-state problem...    failure. 
Take 10 timesteps     0.0001442      5.252
Attempt Newton solution of steady-state problem...    failure. 
Take 10 timesteps     0.0001622      4.994
Attempt Newton solution of steady-state problem...    failure. 
Take 10 timesteps      0.001847       3.67
Attempt Newton solution of steady-state problem...    failure. 
Take 10 timesteps       0.01403      2.854
Attempt Newton solution of steady-state problem...    success.

Problem solved on [41] point grid(s).

..............................................................................
##############################################################################
Refining grid in flame.
    New points inserted after grid points 4 9 10 11 12 13 14 15 16 17 18 19 20 21 22 38 39 
    to resolve C2F2 C2H C2H2 C2H4 C2HF C2O C3H3 C4H2 CF CF2 CF2:CF CF2:CF2 CF2:CH CF2:O CF2CO CF3 CF3-CF2 CF3-CF3 CF3-CH2 CF3-CHF CF3CCH CF3CCH2 CF3CF CF3CHCH2 CF3CHO CF3COF CF3O CF4 CF:O CFCO CH CH2 CH2* CH2:CF CH2:CF2 CH2:CHF CH2CFCF3 CH2CHFCF3 CH2CO CH2COF CH2F CH2F-CH2F CH2F-CHF2 CH2F2 CH2O CH3 CH3-CF2 CH3-CF3 CH3-CHF2 CH3CFCF3 CH3CHO CH3COF CH3F CH4 CHF CHF2 CHF2-CF2 CHF2-CF3 CHF2-CH2 CHF2-CHF2 CHF3 CHF:CF2 CHF:CF[Z] CHF:CHF[Z] CHF:CH[Z] CHF:O CHFCO CHOCFCF3 CO CO2 E-CHCFCF3 F F2 H H2 H2C4O H2O H2O2 HCCO HCCOH HCO HF HO2 N2 O O2 OH T Z-CHCFCF3 aC3H4 pC3H4 point 4 velocity 
##############################################################################

..............................................................................
Attempt Newton solution of steady-state problem...    failure. 
Take 10 timesteps     5.063e-05      5.075
Attempt Newton solution of steady-state problem...    failure. 
Take 10 timesteps     0.0002563      4.669
Attempt Newton solution of steady-state problem...    failure. 
Take 10 timesteps      0.002919        3.5
Attempt Newton solution of steady-state problem...    success.

Problem solved on [58] point grid(s).

..............................................................................
##############################################################################
Refining grid in flame.
    New points inserted after grid points 13 14 15 16 17 18 19 20 21 22 23 24 25 
    to resolve C2F2 C2H C2H2 C2H3 C2H4 C2H6 C2HF C2O C3H3 C4H2 C4H4 C6H2 CF CF2 CF2:CF CF2:CF2 CF2:CH CF2:O CF2CO CF3 CF3-CF2 CF3-CF3 CF3-CH2 CF3-CHF CF3CCH CF3CCH2 CF3CF CF3CHCH2 CF3CHO CF3COF CF3O CF4 CF:O CFCO CH CH2 CH2* CH2:CF CH2:CF2 CH2:CHF CH2CFCF3 CH2CHFCF3 CH2CO CH2COF CH2F CH2F-CH2F CH2F-CHF2 CH2F2 CH2O CH3 CH3-CF2 CH3-CF3 CH3-CHF2 CH3CFCF3 CH3CHO CH3COF CH3F CH3O CH3OH CH4 CHF CHF2 CHF2-CF2 CHF2-CF3 CHF2-CH2 CHF2-CHF CHF2-CHF2 CHF3 CHF:CF2 CHF:CF[Z] CHF:CHF[Z] CHF:CH[Z] CHF:O CHFCHOH CHFCO CHOCFCF3 CO CO2 E-CHCFCF3 F F2 H H2 H2C4O H2CC H2O H2O2 HCCO HCCOH HCO HF HO2 N2 O O2 OH T Z-CHCFCF3 aC3H4 pC3H4 velocity 
##############################################################################

..............................................................................
Attempt Newton solution of steady-state problem...    failure. 
Take 10 timesteps     7.594e-05      4.972
Attempt Newton solution of steady-state problem...    failure. 
Take 10 timesteps     0.0001709      4.396
Attempt Newton solution of steady-state problem...    success.

Problem solved on [71] point grid(s).

..............................................................................
##############################################################################
Refining grid in flame.
    New points inserted after grid points 18 19 20 21 22 23 24 25 26 27 28 29 30 31 32 33 
    to resolve C2F2 C2H C2H2 C2H3 C2H4 C2H6 C2HF C2O C3H3 C4H2 C4H4 C6H2 C6H6 CF CF2 CF2:CF CF2:CF2 CF2:CH CF2:O CF2CO CF3 CF3-CF2 CF3-CF3 CF3-CH2 CF3-CHF CF3CCH CF3CCH2 CF3CF CF3CHCH2 CF3CHO CF3COF CF3O CF4 CF:O CFCO CH CH2 CH2* CH2:CF CH2:CF2 CH2:CHF CH2CFCF3 CH2CO CH2COF CH2F CH2F-CH2F CH2F-CHF2 CH2F2 CH2O CH3 CH3-CF2 CH3-CF3 CH3-CHF2 CH3CFCF3 CH3CHO CH3COF CH3F CH3O CH3OH CH4 CHF CHF2 CHF2-CF2 CHF2-CF3 CHF2-CH2 CHF2-CHF CHF2-CHF2 CHF3 CHF:CF2 CHF:CF[Z] CHF:CHF[Z] CHF:CH[Z] CHF:O CHFCO CHOCFCF3 CO CO2 E-CHCFCF3 F F2 H H2 H2C4O H2CC H2O H2O2 HCCO HCCOH HCO HF HO2 N2 O O2 OH T Z-CHCFCF3 aC3H4 pC3H4 velocity 
##############################################################################

..............................................................................
Attempt Newton solution of steady-state problem...    failure. 
Take 10 timesteps     0.0002563      3.833
Attempt Newton solution of steady-state problem...    failure. 
Take 10 timesteps      0.006568       3.86
Attempt Newton solution of steady-state problem...    failure. 
Take 10 timesteps        0.1122      1.138
Attempt Newton solution of steady-state problem...    success.

Problem solved on [87] point grid(s).

..............................................................................
##############################################################################
Refining grid in flame.
    New points inserted after grid points 24 25 26 27 28 29 30 31 32 33 34 35 36 37 38 39 40 41 42 43 44 45 
    to resolve C2F2 C2H C2H2 C2H3 C2H4 C2H6 C2HF C2O C3H3 C4H2 C4H4 C6H2 CF CF2 CF2:CF CF2:CF2 CF2:CH CF2:O CF2CO CF3 CF3-CF2 CF3-CF3 CF3-CH2 CF3-CHF CF3CCH CF3CCH2 CF3CF CF3CHCH2 CF3CHO CF3COF CF3O CF4 CF:O CFCO CH CH2 CH2* CH2:CF CH2:CF2 CH2:CHF CH2CFCF3 CH2CO CH2COF CH2F CH2F-CH2F CH2F2 CH2O CH3 CH3-CF2 CH3-CF3 CH3CFCF3 CH3CHO CH3COF CH3F CH3O CH3OH CH4 CHF CHF2 CHF2-CF2 CHF2-CF3 CHF2-CH2 CHF2-CHF2 CHF3 CHF:CF2 CHF:CF[Z] CHF:CHF[Z] CHF:CH[Z] CHF:O CHFCO CHOCFCF3 CO CO2 E-CHCFCF3 F H H2 H2C4O H2CC H2O H2O2 HCCO HCCOH HCO HF HO2 N2 O O2 OH T Z-CHCFCF3 aC3H4 pC3H4 velocity 
##############################################################################

..............................................................................
Attempt Newton solution of steady-state problem...    failure. 
Take 10 timesteps     0.0002563      3.297
Attempt Newton solution of steady-state problem...    failure. 
Take 10 timesteps      0.006568      2.358
Attempt Newton solution of steady-state problem...    success.

Problem solved on [109] point grid(s).

..............................................................................
##############################################################################
Refining grid in flame.
    New points inserted after grid points 32 33 34 35 36 37 38 39 40 41 42 43 44 45 46 47 48 49 50 51 52 53 54 55 56 57 58 59 60 61 62 
    to resolve C2F2 C2H C2H2 C2H4 C2HF C2O C3H3 C4H2 C4H4 CF CF2 CF2:CF CF2:CF2 CF2:CH CF2:O CF2CO CF3 CF3-CF2 CF3-CF3 CF3-CH2 CF3-CHF CF3CCH CF3CF CF3CHCH2 CF3CHO CF3COF CF3O CF4 CF:O CFCO CH CH2 CH2* CH2:CF CH2:CF2 CH2:CHF CH2CFCF3 CH2CO CH2COF CH2F CH2F-CH2F CH2F2 CH2O CH3 CH3-CF2 CH3-CF3 CH3CFCF3 CH3F CH4 CHF CHF2 CHF2-CF2 CHF2-CF3 CHF2-CH2 CHF2-CHF2 CHF3 CHF:CF2 CHF:CF[Z] CHF:CHF[Z] CHF:CH[Z] CHF:O CHFCO CHOCFCF3 CO E-CHCFCF3 F H H2 H2C4O H2O HCCO HCCOH HCO HF HO2 N2 O O2 OH T Z-CHCFCF3 aC3H4 pC3H4 velocity 
##############################################################################

..............................................................................
Attempt Newton solution of steady-state problem...    failure. 
Take 10 timesteps     0.0003844      3.642
Attempt Newton solution of steady-state problem...    success.

Problem solved on [140] point grid(s).

..............................................................................
##############################################################################
Refining grid in flame.
    New points inserted after grid points 35 36 37 38 39 40 41 42 43 44 45 46 47 48 49 50 51 52 53 54 55 59 60 61 62 63 64 65 66 67 68 69 70 71 72 73 74 75 76 77 78 79 80 81 82 
    to resolve C2F2 C2H2 C2H4 C2HF C3H3 C4H2 CF CF2 CF2:CF CF2:CH CF2CO CF3 CF3-CF2 CF3-CH2 CF3CCH CF3CF CF3CHO CF3COF CF3O CF:O CFCO CH2 CH2:CF CH2:CF2 CH2:CHF CH2CFCF3 CH2CO CH2COF CH2F CH2F2 CH2O CH3 CH3-CF2 CH3CFCF3 CH3F CH4 CHF CHF2 CHF2-CH2 CHF3 CHF:CF2 CHF:CF[Z] CHF:CHF[Z] CHF:CH[Z] CHF:O CHFCO CHOCFCF3 E-CHCFCF3 F H H2 H2O HCCO HCCOH HCO HO2 OH Z-CHCFCF3 pC3H4 
##############################################################################

..............................................................................
Attempt Newton solution of steady-state problem...    success.

Problem solved on [185] point grid(s).

..............................................................................
##############################################################################
Refining grid in flame.
    New points inserted after grid points 105 106 107 108 109 110 111 112 113 114 115 116 
    to resolve CF CH2F CH3F CHF CHF2 HCCO 
##############################################################################

..............................................................................
Attempt Newton solution of steady-state problem...    failure. 
Take 10 timesteps     3.666e-10      3.803
Attempt Newton solution of steady-state problem...    success.

Problem solved on [197] point grid(s).

..............................................................................
no new points needed in flame
at 1.0 phi, velocity is 0.0853988588174265
Phis are:
[1.0]
flame speeds are:
[0.0853988588174265]
